[2020-07-30 20:11:57.463] [renderer1] [warning] [File Watcher (chokidar)] Error: ELOOP: too many symbolic links encountered, stat '/home/guilhem/.config/wpg/wallpapers/.tmp.sample.png'
[2020-07-30 20:17:53.411] [renderer1] [error] Error: [File Watcher (chokidar)] terminated unexpectedly and is restarted again...
[2020-07-30 20:17:53.411] [renderer1] [error] [File Watcher (chokidar)] terminated unexpectedly and is restarted again...
[2020-07-30 20:17:54.986] [renderer1] [warning] [File Watcher (chokidar)] Error: ELOOP: too many symbolic links encountered, stat '/home/guilhem/.config/wpg/wallpapers/.tmp.sample.png'
[2020-07-30 20:24:29.052] [renderer1] [error] Error: [File Watcher (chokidar)] terminated unexpectedly and is restarted again...
[2020-07-30 20:24:29.052] [renderer1] [error] [File Watcher (chokidar)] terminated unexpectedly and is restarted again...
[2020-07-30 20:24:30.779] [renderer1] [warning] [File Watcher (chokidar)] Error: ELOOP: too many symbolic links encountered, stat '/home/guilhem/.config/wpg/wallpapers/.tmp.sample.png'
[2020-07-30 20:30:13.429] [renderer1] [error] Error: [File Watcher (chokidar)] terminated unexpectedly and is restarted again...
[2020-07-30 20:30:13.430] [renderer1] [error] [File Watcher (chokidar)] terminated unexpectedly and is restarted again...
[2020-07-30 20:30:15.044] [renderer1] [warning] [File Watcher (chokidar)] Error: ELOOP: too many symbolic links encountered, stat '/home/guilhem/.config/wpg/wallpapers/.tmp.sample.png'
[2020-07-30 20:36:10.392] [renderer1] [error] Error: [File Watcher (chokidar)] terminated unexpectedly and is restarted again...
[2020-07-30 20:36:10.393] [renderer1] [error] [File Watcher (chokidar)] terminated unexpectedly and is restarted again...
[2020-07-30 20:36:12.216] [renderer1] [warning] [File Watcher (chokidar)] Error: ELOOP: too many symbolic links encountered, stat '/home/guilhem/.config/wpg/wallpapers/.tmp.sample.png'
[2020-07-30 20:42:45.700] [renderer1] [error] Error: [File Watcher (chokidar)] terminated unexpectedly and is restarted again...
[2020-07-30 20:42:45.700] [renderer1] [error] [File Watcher (chokidar)] terminated unexpectedly and is restarted again...
[2020-07-30 20:42:47.338] [renderer1] [warning] [File Watcher (chokidar)] Error: ELOOP: too many symbolic links encountered, stat '/home/guilhem/.config/wpg/wallpapers/.tmp.sample.png'
[2020-07-30 20:49:39.176] [renderer1] [error] Error: [File Watcher (chokidar)] terminated unexpectedly and is restarted again...
[2020-07-30 20:49:39.177] [renderer1] [error] [File Watcher (chokidar)] terminated unexpectedly and is restarted again...
[2020-07-30 20:49:40.824] [renderer1] [warning] [File Watcher (chokidar)] Error: ELOOP: too many symbolic links encountered, stat '/home/guilhem/.config/wpg/wallpapers/.tmp.sample.png'
[2020-07-30 20:55:49.720] [renderer1] [error] Error: [File Watcher (chokidar)] failed to start after retrying for some time, giving up. Please report this as a bug report!
[2020-07-30 20:55:49.721] [renderer1] [error] [File Watcher (chokidar)] failed to start after retrying for some time, giving up. Please report this as a bug report!
